[read] Get folowees latency: 0.7417201995849609 ms
[read] Get postIDs latency: 27.796268463134766 ms
[read] Get posts latency: 4.723787307739258 ms
[read] Get folowees latency: 0.8611679077148438 ms
[read] Get postIDs latency: 26.27396583557129 ms
[read] Get posts latency: 4.645347595214844 ms
[read] Get folowees latency: 0.7531642913818359 ms
[read] Get postIDs latency: 26.302576065063477 ms
[read] Get posts latency: 4.732847213745117 ms
[post] Put posts latency: 1.0704994201660156 ms
[post] Get postIDs latency: 0.6420612335205078 ms
[post] Put postIDs latency: 0.6799697875976562 ms
[read] Get folowees latency: 0.79345703125 ms
[read] Get postIDs latency: 25.254011154174805 ms
[read] Get posts latency: 5.118846893310547 ms
[read] Get folowees latency: 0.7851123809814453 ms
[read] Get postIDs latency: 26.136398315429688 ms
[read] Get posts latency: 5.222558975219727 ms
[read] Get folowees latency: 0.7517337799072266 ms
[read] Get postIDs latency: 27.09364891052246 ms
[read] Get posts latency: 4.828929901123047 ms
[read] Get folowees latency: 0.7576942443847656 ms
[read] Get postIDs latency: 16.649961471557617 ms
[read] Get posts latency: 5.0525665283203125 ms
[read] Get folowees latency: 0.7617473602294922 ms
[read] Get postIDs latency: 21.5609073638916 ms
[read] Get posts latency: 4.513740539550781 ms
[post] Put posts latency: 1.0514259338378906 ms
[post] Get postIDs latency: 0.6339550018310547 ms
[post] Put postIDs latency: 0.5400180816650391 ms
[read] Get folowees latency: 0.7998943328857422 ms
[read] Get postIDs latency: 25.959491729736328 ms
[read] Get posts latency: 4.861354827880859 ms
[read] Get folowees latency: 0.8165836334228516 ms
[read] Get postIDs latency: 28.88011932373047 ms
[read] Get posts latency: 4.77290153503418 ms
[read] Get folowees latency: 0.7536411285400391 ms
[read] Get postIDs latency: 21.280765533447266 ms
[read] Get posts latency: 4.898309707641602 ms
[read] Get folowees latency: 0.7767677307128906 ms
[read] Get postIDs latency: 27.168989181518555 ms
[read] Get posts latency: 5.144596099853516 ms
[read] Get folowees latency: 0.7767677307128906 ms
[read] Get postIDs latency: 26.35669708251953 ms
[read] Get posts latency: 5.398988723754883 ms
[read] Get folowees latency: 0.7641315460205078 ms
[read] Get postIDs latency: 27.34088897705078 ms
[read] Get posts latency: 5.1898956298828125 ms
[read] Get folowees latency: 0.8001327514648438 ms
[read] Get postIDs latency: 21.208524703979492 ms
[read] Get posts latency: 4.660129547119141 ms
[read] Get folowees latency: 0.78582763671875 ms
[read] Get postIDs latency: 22.760629653930664 ms
[read] Get posts latency: 8.38160514831543 ms
[read] Get folowees latency: 0.8068084716796875 ms
[read] Get postIDs latency: 19.27924156188965 ms
[read] Get posts latency: 4.801273345947266 ms
[read] Get folowees latency: 0.7836818695068359 ms
[read] Get postIDs latency: 17.221927642822266 ms
[read] Get posts latency: 4.789113998413086 ms
[read] Get folowees latency: 0.7693767547607422 ms
[read] Get postIDs latency: 26.055335998535156 ms
[read] Get posts latency: 4.963397979736328 ms
[read] Get folowees latency: 0.8122920989990234 ms
[read] Get postIDs latency: 16.179561614990234 ms
[read] Get posts latency: 4.617929458618164 ms
[read] Get folowees latency: 0.7658004760742188 ms
[read] Get postIDs latency: 24.851560592651367 ms
[read] Get posts latency: 4.663705825805664 ms
[read] Get folowees latency: 1.033782958984375 ms
[read] Get postIDs latency: 17.15564727783203 ms
[read] Get posts latency: 4.888772964477539 ms
[read] Get folowees latency: 0.7638931274414062 ms
[read] Get postIDs latency: 16.40462875366211 ms
[read] Get posts latency: 4.85682487487793 ms
[read] Get folowees latency: 18.6614990234375 ms
[read] Get postIDs latency: 16.571760177612305 ms
[read] Get posts latency: 4.7969818115234375 ms
[read] Get folowees latency: 0.7951259613037109 ms
[read] Get postIDs latency: 16.147136688232422 ms
[read] Get posts latency: 4.419088363647461 ms
[post] Put posts latency: 1.107931137084961 ms
[post] Get postIDs latency: 0.423431396484375 ms
[post] Put postIDs latency: 0.5161762237548828 ms
[read] Get folowees latency: 0.7903575897216797 ms
[read] Get postIDs latency: 16.247987747192383 ms
[read] Get posts latency: 4.8465728759765625 ms
[read] Get folowees latency: 0.7827281951904297 ms
[read] Get postIDs latency: 22.929668426513672 ms
[read] Get posts latency: 4.637479782104492 ms
[read] Get folowees latency: 0.7417201995849609 ms
[read] Get postIDs latency: 19.21248435974121 ms
[read] Get posts latency: 4.707098007202148 ms
[post] Put posts latency: 1.0733604431152344 ms
[post] Get postIDs latency: 0.4222393035888672 ms
[post] Put postIDs latency: 0.5242824554443359 ms
[read] Get folowees latency: 0.7569789886474609 ms
[read] Get postIDs latency: 14.457941055297852 ms
[read] Get posts latency: 4.680633544921875 ms
[read] Get folowees latency: 0.7519721984863281 ms
[read] Get postIDs latency: 16.2508487701416 ms
[read] Get posts latency: 4.778861999511719 ms
[read] Get folowees latency: 0.7493495941162109 ms
[read] Get postIDs latency: 14.91689682006836 ms
[read] Get posts latency: 5.088567733764648 ms
[read] Get folowees latency: 0.4436969757080078 ms
[read] Get postIDs latency: 16.302108764648438 ms
[read] Get posts latency: 4.988193511962891 ms
[read] Get folowees latency: 0.8120536804199219 ms
[read] Get postIDs latency: 14.985322952270508 ms
[read] Get posts latency: 4.752397537231445 ms
[read] Get folowees latency: 0.7581710815429688 ms
[read] Get postIDs latency: 16.203880310058594 ms
[read] Get posts latency: 4.640102386474609 ms
[read] Get folowees latency: 0.7486343383789062 ms
[read] Get postIDs latency: 15.708446502685547 ms
[read] Get posts latency: 5.118370056152344 ms
[read] Get folowees latency: 0.7669925689697266 ms
[read] Get postIDs latency: 17.808198928833008 ms
[read] Get posts latency: 4.947900772094727 ms
[read] Get folowees latency: 0.8118152618408203 ms
[read] Get postIDs latency: 14.838457107543945 ms
[read] Get posts latency: 4.729986190795898 ms
[read] Get folowees latency: 0.8187294006347656 ms
[read] Get postIDs latency: 17.129898071289062 ms
[read] Get posts latency: 5.43522834777832 ms
[read] Get folowees latency: 0.8051395416259766 ms
[read] Get postIDs latency: 15.342473983764648 ms
[read] Get posts latency: 4.827737808227539 ms
[read] Get folowees latency: 0.7810592651367188 ms
[read] Get postIDs latency: 15.769720077514648 ms
[read] Get posts latency: 4.996061325073242 ms
[read] Get folowees latency: 0.4391670227050781 ms
[read] Get postIDs latency: 16.12401008605957 ms
[read] Get posts latency: 5.45048713684082 ms
[read] Get folowees latency: 0.8141994476318359 ms
[read] Get postIDs latency: 14.921188354492188 ms
[read] Get posts latency: 4.806280136108398 ms
[read] Get folowees latency: 0.8139610290527344 ms
[read] Get postIDs latency: 16.985177993774414 ms
[read] Get posts latency: 4.998922348022461 ms
[read] Get folowees latency: 0.7734298706054688 ms
[read] Get postIDs latency: 14.953374862670898 ms
[read] Get posts latency: 4.721641540527344 ms
[read] Get folowees latency: 0.8025169372558594 ms
[read] Get postIDs latency: 19.299030303955078 ms
[read] Get posts latency: 5.1097869873046875 ms
[read] Get folowees latency: 0.9043216705322266 ms
[read] Get postIDs latency: 14.522075653076172 ms
[read] Get posts latency: 4.873991012573242 ms
[read] Get folowees latency: 0.8947849273681641 ms
[read] Get postIDs latency: 21.602869033813477 ms
[read] Get posts latency: 5.68079948425293 ms
[read] Get folowees latency: 0.8165836334228516 ms
[read] Get postIDs latency: 16.265153884887695 ms
[read] Get posts latency: 4.928827285766602 ms
[read] Get folowees latency: 0.812530517578125 ms
[read] Get postIDs latency: 25.737762451171875 ms
[read] Get posts latency: 4.762887954711914 ms
[read] Get folowees latency: 37.48273849487305 ms
[read] Get postIDs latency: 25.268077850341797 ms
[read] Get posts latency: 4.337310791015625 ms
[read] Get folowees latency: 0.78582763671875 ms
[read] Get postIDs latency: 16.298294067382812 ms
[read] Get posts latency: 5.07044792175293 ms
[read] Get folowees latency: 0.7612705230712891 ms
[read] Get postIDs latency: 16.21246337890625 ms
[read] Get posts latency: 4.978656768798828 ms
[read] Get folowees latency: 0.46324729919433594 ms
[read] Get postIDs latency: 15.039443969726562 ms
[read] Get posts latency: 4.720926284790039 ms
[read] Get folowees latency: 0.8053779602050781 ms
[read] Get postIDs latency: 18.64457130432129 ms
[read] Get posts latency: 5.044460296630859 ms
[read] Get folowees latency: 0.8003711700439453 ms
[read] Get postIDs latency: 16.280174255371094 ms
[read] Get posts latency: 5.127191543579102 ms
[read] Get folowees latency: 0.8130073547363281 ms
[read] Get postIDs latency: 15.010595321655273 ms
[read] Get posts latency: 4.800319671630859 ms
[read] Get folowees latency: 0.45037269592285156 ms
[read] Get postIDs latency: 16.182899475097656 ms
[read] Get posts latency: 4.5337677001953125 ms
[read] Get folowees latency: 0.7584095001220703 ms
[read] Get postIDs latency: 17.066001892089844 ms
[read] Get posts latency: 5.137205123901367 ms
[post] Put posts latency: 1.2612342834472656 ms
[post] Get postIDs latency: 0.5054473876953125 ms
[post] Put postIDs latency: 0.5426406860351562 ms
[post] Put posts latency: 1.0783672332763672 ms
[post] Get postIDs latency: 0.42724609375 ms
[post] Put postIDs latency: 0.5142688751220703 ms
[read] Get folowees latency: 0.7872581481933594 ms
[read] Get postIDs latency: 16.228437423706055 ms
[read] Get posts latency: 4.628896713256836 ms
[read] Get folowees latency: 0.7424354553222656 ms
[read] Get postIDs latency: 15.385150909423828 ms
[read] Get posts latency: 4.74238395690918 ms
[read] Get folowees latency: 0.7996559143066406 ms
[read] Get postIDs latency: 15.719175338745117 ms
[read] Get posts latency: 5.1727294921875 ms
[read] Get folowees latency: 0.8141994476318359 ms
[read] Get postIDs latency: 14.973640441894531 ms
[read] Get posts latency: 4.751682281494141 ms
[read] Get folowees latency: 0.8981227874755859 ms
[read] Get postIDs latency: 16.51310920715332 ms
[read] Get posts latency: 4.97746467590332 ms
[post] Put posts latency: 1.1069774627685547 ms
[post] Get postIDs latency: 0.6830692291259766 ms
[post] Put postIDs latency: 0.5435943603515625 ms
[post] Put posts latency: 1.0848045349121094 ms
[post] Get postIDs latency: 0.4372596740722656 ms
[post] Put postIDs latency: 0.5543231964111328 ms
[post] Put posts latency: 1.1949539184570312 ms
[post] Get postIDs latency: 0.7259845733642578 ms
[post] Put postIDs latency: 0.5691051483154297 ms
[read] Get folowees latency: 0.8020401000976562 ms
[read] Get postIDs latency: 15.183448791503906 ms
[read] Get posts latency: 4.650115966796875 ms
[post] Put posts latency: 1.1527538299560547 ms
[post] Get postIDs latency: 0.44035911560058594 ms
[post] Put postIDs latency: 0.5340576171875 ms
[read] Get folowees latency: 0.8132457733154297 ms
[read] Get postIDs latency: 14.60719108581543 ms
[read] Get posts latency: 4.842519760131836 ms
[read] Get folowees latency: 0.44465065002441406 ms
[read] Get postIDs latency: 16.30425453186035 ms
[read] Get posts latency: 5.072116851806641 ms
[read] Get folowees latency: 0.8215904235839844 ms
[read] Get postIDs latency: 15.102863311767578 ms
[read] Get posts latency: 4.976034164428711 ms
[read] Get folowees latency: 0.461578369140625 ms
[read] Get postIDs latency: 16.297101974487305 ms
[read] Get posts latency: 4.553794860839844 ms
[read] Get folowees latency: 0.7801055908203125 ms
[read] Get postIDs latency: 16.4487361907959 ms
[read] Get posts latency: 4.715919494628906 ms
[read] Get folowees latency: 0.7944107055664062 ms
[read] Get postIDs latency: 20.04408836364746 ms
[read] Get posts latency: 4.51350212097168 ms
[read] Get folowees latency: 0.7770061492919922 ms
[read] Get postIDs latency: 16.51144027709961 ms
[read] Get posts latency: 5.104541778564453 ms
[read] Get folowees latency: 0.8454322814941406 ms
[read] Get postIDs latency: 14.839887619018555 ms
[read] Get posts latency: 4.717826843261719 ms
[read] Get folowees latency: 0.4715919494628906 ms
[read] Get postIDs latency: 16.265392303466797 ms
[read] Get posts latency: 5.120992660522461 ms
[read] Get folowees latency: 0.8211135864257812 ms
[read] Get postIDs latency: 14.764547348022461 ms
[read] Get posts latency: 4.730701446533203 ms
[read] Get folowees latency: 0.8661746978759766 ms
[read] Get postIDs latency: 16.403913497924805 ms
[read] Get posts latency: 4.94837760925293 ms
[post] Put posts latency: 1.1310577392578125 ms
[post] Get postIDs latency: 0.43082237243652344 ms
[post] Put postIDs latency: 0.5133152008056641 ms
[read] Get folowees latency: 0.8180141448974609 ms
[read] Get postIDs latency: 16.29805564880371 ms
[read] Get posts latency: 4.4231414794921875 ms
[read] Get folowees latency: 0.8013248443603516 ms
[read] Get postIDs latency: 15.085697174072266 ms
[read] Get posts latency: 4.681110382080078 ms
[read] Get folowees latency: 0.7562637329101562 ms
[read] Get postIDs latency: 16.359329223632812 ms
[read] Get posts latency: 5.038261413574219 ms
[read] Get folowees latency: 0.8194446563720703 ms
[read] Get postIDs latency: 14.613151550292969 ms
[read] Get posts latency: 5.181074142456055 ms
[post] Put posts latency: 1.1696815490722656 ms
[post] Get postIDs latency: 0.4992485046386719 ms
[post] Put postIDs latency: 0.5497932434082031 ms
[post] Put posts latency: 1.140594482421875 ms
[post] Get postIDs latency: 0.4405975341796875 ms
[post] Put postIDs latency: 0.5178451538085938 ms
[read] Get folowees latency: 0.8134841918945312 ms
[read] Get postIDs latency: 18.85390281677246 ms
[read] Get posts latency: 5.226373672485352 ms
[read] Get folowees latency: 0.8177757263183594 ms
[read] Get postIDs latency: 14.974355697631836 ms
[read] Get posts latency: 4.663944244384766 ms
[read] Get folowees latency: 0.8444786071777344 ms
[read] Get postIDs latency: 16.455411911010742 ms
[read] Get posts latency: 4.502534866333008 ms
[read] Get folowees latency: 0.7698535919189453 ms
[read] Get postIDs latency: 14.82248306274414 ms
[read] Get posts latency: 4.623889923095703 ms
[read] Get folowees latency: 0.7965564727783203 ms
[read] Get postIDs latency: 16.337156295776367 ms
[read] Get posts latency: 4.921197891235352 ms
[read] Get folowees latency: 0.8099079132080078 ms
[read] Get postIDs latency: 15.207290649414062 ms
[read] Get posts latency: 4.689693450927734 ms
[read] Get folowees latency: 0.8695125579833984 ms
[read] Get postIDs latency: 16.33596420288086 ms
[read] Get posts latency: 4.910707473754883 ms
[read] Get folowees latency: 0.8268356323242188 ms
[read] Get postIDs latency: 15.253305435180664 ms
[read] Get posts latency: 4.648447036743164 ms
[read] Get folowees latency: 0.8196830749511719 ms
[read] Get postIDs latency: 16.707181930541992 ms
[read] Get posts latency: 5.007028579711914 ms
[read] Get folowees latency: 0.7879734039306641 ms
[read] Get postIDs latency: 16.550064086914062 ms
[read] Get posts latency: 5.133152008056641 ms
[read] Get folowees latency: 0.8015632629394531 ms
[read] Get postIDs latency: 15.017032623291016 ms
[read] Get posts latency: 5.166769027709961 ms
[post] Put posts latency: 1.1601448059082031 ms
[post] Get postIDs latency: 0.45680999755859375 ms
[post] Put postIDs latency: 0.5354881286621094 ms
[read] Get folowees latency: 0.7846355438232422 ms
[read] Get postIDs latency: 19.036054611206055 ms
[read] Get posts latency: 4.717588424682617 ms
[read] Get folowees latency: 0.7758140563964844 ms
[read] Get postIDs latency: 17.3032283782959 ms
[read] Get posts latency: 5.555391311645508 ms
[read] Get folowees latency: 0.9114742279052734 ms
[read] Get postIDs latency: 14.955520629882812 ms
[read] Get posts latency: 4.877805709838867 ms
[read] Get folowees latency: 0.8552074432373047 ms
[read] Get postIDs latency: 16.396760940551758 ms
[read] Get posts latency: 4.724740982055664 ms
[post] Put posts latency: 1.1196136474609375 ms
[post] Get postIDs latency: 0.4353523254394531 ms
[post] Put postIDs latency: 0.5102157592773438 ms
[read] Get folowees latency: 0.7796287536621094 ms
[read] Get postIDs latency: 16.397953033447266 ms
[read] Get posts latency: 4.519939422607422 ms
[read] Get folowees latency: 0.8149147033691406 ms
[read] Get postIDs latency: 15.135526657104492 ms
[read] Get posts latency: 4.654169082641602 ms
[read] Get folowees latency: 0.8041858673095703 ms
[read] Get postIDs latency: 16.32237434387207 ms
[read] Get posts latency: 4.853725433349609 ms
[read] Get folowees latency: 0.4596710205078125 ms
[read] Get postIDs latency: 15.220880508422852 ms
[read] Get posts latency: 4.929065704345703 ms
[read] Get folowees latency: 0.7884502410888672 ms
[read] Get postIDs latency: 16.377925872802734 ms
[read] Get posts latency: 4.80198860168457 ms
[read] Get folowees latency: 0.7493495941162109 ms
[read] Get postIDs latency: 16.429662704467773 ms
[read] Get posts latency: 4.746675491333008 ms
[read] Get folowees latency: 0.49591064453125 ms
[read] Get postIDs latency: 15.317440032958984 ms
[read] Get posts latency: 5.399465560913086 ms
[read] Get folowees latency: 0.8113384246826172 ms
[read] Get postIDs latency: 15.022754669189453 ms
[read] Get posts latency: 4.910707473754883 ms
[post] Put posts latency: 1.1639595031738281 ms
[post] Get postIDs latency: 0.46324729919433594 ms
[post] Put postIDs latency: 0.52642822265625 ms
[read] Get folowees latency: 0.7929801940917969 ms
[read] Get postIDs latency: 14.466524124145508 ms
[read] Get posts latency: 4.792213439941406 ms
[read] Get folowees latency: 0.812530517578125 ms
[read] Get postIDs latency: 16.14975929260254 ms
[read] Get posts latency: 4.850149154663086 ms
[read] Get folowees latency: 0.7946491241455078 ms
[read] Get postIDs latency: 14.917612075805664 ms
[read] Get posts latency: 4.823923110961914 ms
[read] Get folowees latency: 0.8425712585449219 ms
[read] Get postIDs latency: 14.951467514038086 ms
[read] Get posts latency: 4.237651824951172 ms
[read] Get folowees latency: 0.7832050323486328 ms
[read] Get postIDs latency: 16.326427459716797 ms
[read] Get posts latency: 4.966974258422852 ms
[read] Get folowees latency: 0.8490085601806641 ms
[read] Get postIDs latency: 14.967679977416992 ms
[read] Get posts latency: 4.743814468383789 ms
[read] Get folowees latency: 0.8509159088134766 ms
[read] Get postIDs latency: 14.846086502075195 ms
[read] Get posts latency: 4.349470138549805 ms
[read] Get folowees latency: 0.804901123046875 ms
[read] Get postIDs latency: 16.63661003112793 ms
[read] Get posts latency: 5.093097686767578 ms
[read] Get folowees latency: 0.8292198181152344 ms
[read] Get postIDs latency: 16.431808471679688 ms
[read] Get posts latency: 4.780292510986328 ms
[read] Get folowees latency: 0.7822513580322266 ms
[read] Get postIDs latency: 15.20681381225586 ms
[read] Get posts latency: 4.4918060302734375 ms
[read] Get folowees latency: 0.7822513580322266 ms
[read] Get postIDs latency: 16.414880752563477 ms
[read] Get posts latency: 4.766225814819336 ms
[read] Get folowees latency: 0.7767677307128906 ms
[read] Get postIDs latency: 16.244173049926758 ms
[read] Get posts latency: 5.2928924560546875 ms
[post] Put posts latency: 1.1670589447021484 ms
[post] Get postIDs latency: 0.4420280456542969 ms
[post] Put postIDs latency: 0.5276203155517578 ms
[read] Get folowees latency: 0.8516311645507812 ms
[read] Get postIDs latency: 16.368627548217773 ms
[read] Get posts latency: 4.786968231201172 ms
[read] Get folowees latency: 0.7801055908203125 ms
[read] Get postIDs latency: 16.402006149291992 ms
[read] Get posts latency: 4.819393157958984 ms
[post] Put posts latency: 1.0788440704345703 ms
[post] Get postIDs latency: 0.4215240478515625 ms
[post] Put postIDs latency: 0.5331039428710938 ms
[read] Get folowees latency: 0.7987022399902344 ms
[read] Get postIDs latency: 16.196727752685547 ms
[read] Get posts latency: 5.005836486816406 ms
[read] Get folowees latency: 0.843048095703125 ms
[read] Get postIDs latency: 14.436006546020508 ms
[read] Get posts latency: 4.487514495849609 ms
[read] Get folowees latency: 0.8730888366699219 ms
[read] Get postIDs latency: 16.401290893554688 ms
[read] Get posts latency: 4.251956939697266 ms
[read] Get folowees latency: 0.8115768432617188 ms
[read] Get postIDs latency: 15.096902847290039 ms
[read] Get posts latency: 5.100011825561523 ms
[read] Get folowees latency: 0.8420944213867188 ms
[read] Get postIDs latency: 16.791105270385742 ms
[read] Get posts latency: 5.184412002563477 ms
[read] Get folowees latency: 0.5037784576416016 ms
[read] Get postIDs latency: 15.117168426513672 ms
[read] Get posts latency: 5.270957946777344 ms
[read] Get folowees latency: 0.8108615875244141 ms
[read] Get postIDs latency: 16.59226417541504 ms
[read] Get posts latency: 4.799127578735352 ms
[post] Put posts latency: 1.104593276977539 ms
[post] Get postIDs latency: 0.44035911560058594 ms
[post] Put postIDs latency: 0.5769729614257812 ms
[read] Get folowees latency: 0.7884502410888672 ms
[read] Get postIDs latency: 15.000581741333008 ms
[read] Get posts latency: 4.564046859741211 ms
[read] Get folowees latency: 0.7879734039306641 ms
[read] Get postIDs latency: 16.21222496032715 ms
[read] Get posts latency: 4.258394241333008 ms
[read] Get folowees latency: 0.8099079132080078 ms
[read] Get postIDs latency: 15.134572982788086 ms
[read] Get posts latency: 4.618644714355469 ms
[read] Get folowees latency: 0.8294582366943359 ms
[read] Get postIDs latency: 16.381263732910156 ms
[read] Get posts latency: 5.1288604736328125 ms
[read] Get folowees latency: 0.8769035339355469 ms
[read] Get postIDs latency: 15.055418014526367 ms
[read] Get posts latency: 4.155397415161133 ms
[read] Get folowees latency: 0.7581710815429688 ms
[read] Get postIDs latency: 16.499996185302734 ms
[read] Get posts latency: 4.922151565551758 ms
[read] Get folowees latency: 0.48089027404785156 ms
[read] Get postIDs latency: 14.61172103881836 ms
[read] Get posts latency: 4.573822021484375 ms
[read] Get folowees latency: 0.8146762847900391 ms
[read] Get postIDs latency: 15.095233917236328 ms
[read] Get posts latency: 4.611015319824219 ms
[read] Get folowees latency: 0.4665851593017578 ms
[read] Get postIDs latency: 16.33000373840332 ms
[read] Get posts latency: 5.31005859375 ms
[read] Get folowees latency: 0.759124755859375 ms
[read] Get postIDs latency: 15.290260314941406 ms
[read] Get posts latency: 4.790067672729492 ms
[read] Get folowees latency: 0.7860660552978516 ms
[read] Get postIDs latency: 16.142845153808594 ms
[read] Get posts latency: 4.506349563598633 ms
[read] Get folowees latency: 0.4582405090332031 ms
[read] Get postIDs latency: 14.887571334838867 ms
[read] Get posts latency: 4.4384002685546875 ms
[read] Get folowees latency: 0.7741451263427734 ms
[read] Get postIDs latency: 16.1590576171875 ms
[read] Get posts latency: 4.281520843505859 ms
[read] Get folowees latency: 0.7612705230712891 ms
[read] Get postIDs latency: 15.116691589355469 ms
[read] Get posts latency: 4.6367645263671875 ms
[read] Get folowees latency: 0.7848739624023438 ms
[read] Get postIDs latency: 16.222000122070312 ms
[read] Get posts latency: 4.873752593994141 ms
[read] Get folowees latency: 0.7567405700683594 ms
[read] Get postIDs latency: 15.096902847290039 ms
[read] Get posts latency: 4.708290100097656 ms
[read] Get folowees latency: 0.7965564727783203 ms
[read] Get postIDs latency: 15.93923568725586 ms
[read] Get posts latency: 4.7702789306640625 ms
[post] Put posts latency: 1.0957717895507812 ms
[post] Get postIDs latency: 0.4258155822753906 ms
[post] Put postIDs latency: 0.5817413330078125 ms
[read] Get folowees latency: 0.8027553558349609 ms
[read] Get postIDs latency: 16.417503356933594 ms
[read] Get posts latency: 4.758596420288086 ms
[read] Get folowees latency: 0.8313655853271484 ms
[read] Get postIDs latency: 14.99032974243164 ms
[read] Get posts latency: 4.443645477294922 ms
[read] Get folowees latency: 0.8442401885986328 ms
[read] Get postIDs latency: 16.349077224731445 ms
[read] Get posts latency: 3.940582275390625 ms
[read] Get folowees latency: 0.8234977722167969 ms
[read] Get postIDs latency: 15.221834182739258 ms
[read] Get posts latency: 5.597352981567383 ms
[read] Get folowees latency: 0.8251667022705078 ms
[read] Get postIDs latency: 16.210317611694336 ms
[read] Get posts latency: 5.212306976318359 ms
[read] Get folowees latency: 0.4665851593017578 ms
[read] Get postIDs latency: 15.290021896362305 ms
[read] Get posts latency: 5.563497543334961 ms
[read] Get folowees latency: 0.461578369140625 ms
[read] Get postIDs latency: 16.356229782104492 ms
[read] Get posts latency: 5.385637283325195 ms
[read] Get folowees latency: 0.7839202880859375 ms
[read] Get postIDs latency: 15.069246292114258 ms
[read] Get posts latency: 5.1288604736328125 ms
[post] Put posts latency: 1.0957717895507812 ms
[post] Get postIDs latency: 0.44226646423339844 ms
[post] Put postIDs latency: 0.6041526794433594 ms
[read] Get folowees latency: 0.8282661437988281 ms
[read] Get postIDs latency: 14.870643615722656 ms
[read] Get posts latency: 4.229307174682617 ms
[read] Get folowees latency: 0.7939338684082031 ms
[read] Get postIDs latency: 15.773773193359375 ms
[read] Get posts latency: 6.2541961669921875 ms
[read] Get folowees latency: 0.7646083831787109 ms
[read] Get postIDs latency: 14.367341995239258 ms
[read] Get posts latency: 4.711151123046875 ms
[read] Get folowees latency: 0.8335113525390625 ms
[read] Get postIDs latency: 16.13473892211914 ms
[read] Get posts latency: 4.6539306640625 ms
[read] Get folowees latency: 0.8480548858642578 ms
[read] Get postIDs latency: 15.041112899780273 ms
[read] Get posts latency: 4.48918342590332 ms
[read] Get folowees latency: 0.7977485656738281 ms
[read] Get postIDs latency: 16.154766082763672 ms
[read] Get posts latency: 4.113674163818359 ms
[read] Get folowees latency: 0.8351802825927734 ms
[read] Get postIDs latency: 14.901876449584961 ms
[read] Get posts latency: 4.208087921142578 ms
[read] Get folowees latency: 0.8013248443603516 ms
[read] Get postIDs latency: 107.97381401062012 ms
[read] Get posts latency: 4.590749740600586 ms
[read] Get folowees latency: 0.8347034454345703 ms
[read] Get postIDs latency: 15.270709991455078 ms
[read] Get posts latency: 4.709482192993164 ms
[read] Get folowees latency: 0.7832050323486328 ms
[read] Get postIDs latency: 16.449451446533203 ms
[read] Get posts latency: 4.996538162231445 ms
[read] Get folowees latency: 0.8132457733154297 ms
[read] Get postIDs latency: 15.133380889892578 ms
[read] Get posts latency: 4.719018936157227 ms
[read] Get folowees latency: 0.8041858673095703 ms
[read] Get postIDs latency: 16.33453369140625 ms
[read] Get posts latency: 4.880189895629883 ms
[read] Get folowees latency: 0.8230209350585938 ms
[read] Get postIDs latency: 16.463756561279297 ms
[read] Get posts latency: 5.279541015625 ms
[read] Get folowees latency: 1.6357898712158203 ms
[read] Get postIDs latency: 16.512632369995117 ms
[read] Get posts latency: 4.985570907592773 ms
[read] Get folowees latency: 0.8463859558105469 ms
[read] Get postIDs latency: 14.497995376586914 ms
[read] Get posts latency: 4.829883575439453 ms
[read] Get folowees latency: 0.8130073547363281 ms
[read] Get postIDs latency: 16.27206802368164 ms
[read] Get posts latency: 4.913330078125 ms
[read] Get folowees latency: 0.8096694946289062 ms
[read] Get postIDs latency: 14.932632446289062 ms
[read] Get posts latency: 5.146503448486328 ms
[read] Get folowees latency: 0.5033016204833984 ms
[read] Get postIDs latency: 14.461994171142578 ms
[read] Get posts latency: 4.928350448608398 ms
[read] Get folowees latency: 0.81634521484375 ms
[read] Get postIDs latency: 16.284704208374023 ms
[read] Get posts latency: 4.794120788574219 ms
[read] Get folowees latency: 0.797271728515625 ms
[read] Get postIDs latency: 14.654397964477539 ms
[read] Get posts latency: 4.715919494628906 ms
[read] Get folowees latency: 0.7884502410888672 ms
[read] Get postIDs latency: 15.116453170776367 ms
[read] Get posts latency: 4.626750946044922 ms
[read] Get folowees latency: 0.7688999176025391 ms
[read] Get postIDs latency: 16.36028289794922 ms
[read] Get posts latency: 4.863977432250977 ms
[read] Get folowees latency: 0.453948974609375 ms
[read] Get postIDs latency: 16.295671463012695 ms
[read] Get posts latency: 4.757404327392578 ms
[read] Get folowees latency: 0.8225440979003906 ms
[read] Get postIDs latency: 15.093803405761719 ms
[read] Get posts latency: 4.799127578735352 ms
[read] Get folowees latency: 0.7832050323486328 ms
[read] Get postIDs latency: 15.973091125488281 ms
[read] Get posts latency: 4.705667495727539 ms
[read] Get folowees latency: 0.7805824279785156 ms
[read] Get postIDs latency: 15.080690383911133 ms
[read] Get posts latency: 4.7454833984375 ms
[read] Get folowees latency: 0.8111000061035156 ms
[read] Get postIDs latency: 15.84005355834961 ms
[read] Get posts latency: 5.451202392578125 ms
[read] Get folowees latency: 0.8599758148193359 ms
[read] Get postIDs latency: 14.974117279052734 ms
[read] Get posts latency: 4.995822906494141 ms
[read] Get folowees latency: 0.8373260498046875 ms
[read] Get postIDs latency: 16.163349151611328 ms
[read] Get posts latency: 4.448652267456055 ms
[read] Get folowees latency: 0.782012939453125 ms
[read] Get postIDs latency: 14.95361328125 ms
[read] Get posts latency: 4.866123199462891 ms
[read] Get folowees latency: 0.7984638214111328 ms
[read] Get postIDs latency: 16.405105590820312 ms
[read] Get posts latency: 4.959821701049805 ms
[read] Get folowees latency: 0.7710456848144531 ms
[read] Get postIDs latency: 15.111207962036133 ms
[read] Get posts latency: 4.456520080566406 ms
[read] Get folowees latency: 0.7908344268798828 ms
[read] Get postIDs latency: 15.999794006347656 ms
[read] Get posts latency: 4.67681884765625 ms
[read] Get folowees latency: 0.8087158203125 ms
[read] Get postIDs latency: 15.081167221069336 ms
[read] Get posts latency: 4.418373107910156 ms
[read] Get folowees latency: 0.7731914520263672 ms
[read] Get postIDs latency: 15.040159225463867 ms
[read] Get posts latency: 4.789590835571289 ms
[read] Get folowees latency: 0.8001327514648438 ms
[read] Get postIDs latency: 16.38031005859375 ms
[read] Get posts latency: 4.704713821411133 ms
[read] Get folowees latency: 0.7982254028320312 ms
[read] Get postIDs latency: 14.931440353393555 ms
[read] Get posts latency: 4.575252532958984 ms
[read] Get folowees latency: 0.48232078552246094 ms
[read] Get postIDs latency: 16.382932662963867 ms
[read] Get posts latency: 4.667758941650391 ms
[read] Get folowees latency: 0.8401870727539062 ms
[read] Get postIDs latency: 14.841318130493164 ms
[read] Get posts latency: 4.804134368896484 ms
[read] Get folowees latency: 0.4837512969970703 ms
[read] Get postIDs latency: 16.251325607299805 ms
[read] Get posts latency: 4.778861999511719 ms
[read] Get folowees latency: 0.8182525634765625 ms
[read] Get postIDs latency: 15.053987503051758 ms
[read] Get posts latency: 5.270719528198242 ms
[read] Get folowees latency: 0.8397102355957031 ms
[read] Get postIDs latency: 16.576528549194336 ms
[read] Get posts latency: 4.595041275024414 ms
[read] Get folowees latency: 0.7669925689697266 ms
[read] Get postIDs latency: 15.112161636352539 ms
[read] Get posts latency: 4.915475845336914 ms
[read] Get folowees latency: 0.8144378662109375 ms
[read] Get postIDs latency: 16.257524490356445 ms
[read] Get posts latency: 4.321813583374023 ms
[read] Get folowees latency: 0.7977485656738281 ms
[read] Get postIDs latency: 15.149116516113281 ms
[read] Get posts latency: 4.633665084838867 ms
[read] Get folowees latency: 0.8053779602050781 ms
[read] Get postIDs latency: 16.42131805419922 ms
[read] Get posts latency: 5.019426345825195 ms
[read] Get folowees latency: 0.8106231689453125 ms
[read] Get postIDs latency: 14.955282211303711 ms
[read] Get posts latency: 4.435539245605469 ms
[read] Get folowees latency: 0.8246898651123047 ms
[read] Get postIDs latency: 16.632080078125 ms
[read] Get posts latency: 4.351377487182617 ms
[read] Get folowees latency: 0.7724761962890625 ms
[read] Get postIDs latency: 15.070199966430664 ms
[read] Get posts latency: 4.235267639160156 ms
[read] Get folowees latency: 0.7700920104980469 ms
[read] Get postIDs latency: 16.69478416442871 ms
[read] Get posts latency: 4.938364028930664 ms
[read] Get folowees latency: 0.7791519165039062 ms
[read] Get postIDs latency: 15.06805419921875 ms
[read] Get posts latency: 4.955768585205078 ms
[post] Put posts latency: 1.0895729064941406 ms
[post] Get postIDs latency: 0.4553794860839844 ms
[post] Put postIDs latency: 0.5033016204833984 ms
[read] Get folowees latency: 0.4582405090332031 ms
[read] Get postIDs latency: 15.13981819152832 ms
[read] Get posts latency: 4.294872283935547 ms
[read] Get folowees latency: 0.4582405090332031 ms
[read] Get postIDs latency: 16.468524932861328 ms